<?xml version="1.0" encoding="UTF-8"?>
<coverage generated="1692955333720" clover="3.2.0">
  <project timestamp="1692955333720" name="All files">
    <metrics statements="25" coveredstatements="22" conditionals="17" coveredconditionals="16" methods="6" coveredmethods="5" elements="48" coveredelements="43" complexity="0" loc="25" ncloc="25" packages="1" files="3" classes="3"/>
    <file name="coffee-complete.js" path="/home/projects/vitest-coffee-coverage-yrttpw/src/coffee-complete.js">
      <metrics statements="9" coveredstatements="9" conditionals="7" coveredconditionals="7" methods="2" coveredmethods="2"/>
      <line num="2" count="4" type="cond" truecount="2" falsecount="0"/>
      <line num="6" count="3" type="cond" truecount="2" falsecount="0"/>
      <line num="7" count="1" type="stmt"/>
      <line num="8" count="1" type="stmt"/>
      <line num="11" count="2" type="cond" truecount="2" falsecount="0"/>
      <line num="12" count="1" type="stmt"/>
      <line num="13" count="1" type="stmt"/>
      <line num="16" count="1" type="stmt"/>
      <line num="20" count="4" type="stmt"/>
    </file>
    <file name="coffee-incomplete.js" path="/home/projects/vitest-coffee-coverage-yrttpw/src/coffee-incomplete.js">
      <metrics statements="8" coveredstatements="5" conditionals="5" coveredconditionals="4" methods="2" coveredmethods="1"/>
      <line num="4" count="2" type="cond" truecount="2" falsecount="0"/>
      <line num="5" count="1" type="stmt"/>
      <line num="6" count="1" type="stmt"/>
      <line num="9" count="1" type="cond" truecount="1" falsecount="1"/>
      <line num="10" count="0" type="stmt"/>
      <line num="11" count="0" type="stmt"/>
      <line num="14" count="1" type="stmt"/>
      <line num="18" count="0" type="stmt"/>
    </file>
    <file name="coffee-meaningless.js" path="/home/projects/vitest-coffee-coverage-yrttpw/src/coffee-meaningless.js">
      <metrics statements="8" coveredstatements="8" conditionals="5" coveredconditionals="5" methods="2" coveredmethods="2"/>
      <line num="4" count="3" type="cond" truecount="2" falsecount="0"/>
      <line num="5" count="1" type="stmt"/>
      <line num="6" count="1" type="stmt"/>
      <line num="9" count="2" type="cond" truecount="2" falsecount="0"/>
      <line num="10" count="1" type="stmt"/>
      <line num="11" count="1" type="stmt"/>
      <line num="14" count="1" type="stmt"/>
      <line num="18" count="1" type="stmt"/>
    </file>
  </project>
</coverage>
