{"/home/projects/vitest-coffee-coverage-yrttpw/src/coffee-complete.js": {"path":"/home/projects/vitest-coffee-coverage-yrttpw/src/coffee-complete.js","statementMap":{"0":{"start":{"line":2,"column":2},"end":{"line":2,"column":44}},"1":{"start":{"line":2,"column":34},"end":{"line":2,"column":44}},"2":{"start":{"line":6,"column":2},"end":{"line":9,"column":3}},"3":{"start":{"line":7,"column":4},"end":{"line":7,"column":24}},"4":{"start":{"line":8,"column":4},"end":{"line":8,"column":24}},"5":{"start":{"line":11,"column":2},"end":{"line":14,"column":3}},"6":{"start":{"line":12,"column":4},"end":{"line":12,"column":24}},"7":{"start":{"line":12,"column":25},"end":{"line":12,"column":42}},"8":{"start":{"line":13,"column":4},"end":{"line":13,"column":31}},"9":{"start":{"line":16,"column":2},"end":{"line":16,"column":46}},"10":{"start":{"line":20,"column":2},"end":{"line":20,"column":59}}},"fnMap":{"0":{"name":"calcCoffeeIngredient","decl":{"start":{"line":1,"column":16},"end":{"line":1,"column":36}},"loc":{"start":{"line":1,"column":58},"end":{"line":17,"column":1}}},"1":{"name":"isValidCoffee","decl":{"start":{"line":19,"column":16},"end":{"line":19,"column":29}},"loc":{"start":{"line":19,"column":36},"end":{"line":21,"column":null}}}},"branchMap":{"0":{"loc":{"start":{"line":1,"column":49},"end":{"line":1,"column":56}},"type":"default-arg","locations":[{"start":{"line":1,"column":55},"end":{"line":1,"column":56}}]},"1":{"loc":{"start":{"line":2,"column":2},"end":{"line":2,"column":44}},"type":"if","locations":[{"start":{"line":2,"column":2},"end":{"line":2,"column":44}},{"start":{"line":2,"column":2},"end":{"line":2,"column":44}}]},"2":{"loc":{"start":{"line":6,"column":2},"end":{"line":9,"column":3}},"type":"if","locations":[{"start":{"line":6,"column":2},"end":{"line":9,"column":3}},{"start":{"line":6,"column":2},"end":{"line":9,"column":3}}]},"3":{"loc":{"start":{"line":11,"column":2},"end":{"line":14,"column":3}},"type":"if","locations":[{"start":{"line":11,"column":2},"end":{"line":14,"column":3}},{"start":{"line":11,"column":2},"end":{"line":14,"column":3}}]}},"s":{"0":4,"1":1,"2":3,"3":1,"4":1,"5":2,"6":1,"7":1,"8":1,"9":1,"10":4},"f":{"0":4,"1":4},"b":{"0":[3],"1":[1,3],"2":[1,2],"3":[1,1]}}
,"/home/projects/vitest-coffee-coverage-yrttpw/src/coffee-incomplete.js": {"path":"/home/projects/vitest-coffee-coverage-yrttpw/src/coffee-incomplete.js","statementMap":{"0":{"start":{"line":4,"column":2},"end":{"line":7,"column":3}},"1":{"start":{"line":5,"column":4},"end":{"line":5,"column":24}},"2":{"start":{"line":6,"column":4},"end":{"line":6,"column":24}},"3":{"start":{"line":9,"column":2},"end":{"line":12,"column":3}},"4":{"start":{"line":10,"column":4},"end":{"line":10,"column":24}},"5":{"start":{"line":10,"column":25},"end":{"line":10,"column":42}},"6":{"start":{"line":11,"column":4},"end":{"line":11,"column":31}},"7":{"start":{"line":14,"column":2},"end":{"line":14,"column":12}},"8":{"start":{"line":18,"column":2},"end":{"line":18,"column":59}}},"fnMap":{"0":{"name":"calcCoffeeIngredient","decl":{"start":{"line":1,"column":16},"end":{"line":1,"column":36}},"loc":{"start":{"line":1,"column":58},"end":{"line":15,"column":1}}},"1":{"name":"isValidCoffee","decl":{"start":{"line":17,"column":16},"end":{"line":17,"column":29}},"loc":{"start":{"line":17,"column":36},"end":{"line":19,"column":null}}}},"branchMap":{"0":{"loc":{"start":{"line":1,"column":49},"end":{"line":1,"column":56}},"type":"default-arg","locations":[{"start":{"line":1,"column":55},"end":{"line":1,"column":56}}]},"1":{"loc":{"start":{"line":4,"column":2},"end":{"line":7,"column":3}},"type":"if","locations":[{"start":{"line":4,"column":2},"end":{"line":7,"column":3}},{"start":{"line":4,"column":2},"end":{"line":7,"column":3}}]},"2":{"loc":{"start":{"line":9,"column":2},"end":{"line":12,"column":3}},"type":"if","locations":[{"start":{"line":9,"column":2},"end":{"line":12,"column":3}},{"start":{"line":9,"column":2},"end":{"line":12,"column":3}}]}},"s":{"0":2,"1":1,"2":1,"3":1,"4":0,"5":0,"6":0,"7":1,"8":0},"f":{"0":2,"1":0},"b":{"0":[1],"1":[1,1],"2":[0,1]}}
,"/home/projects/vitest-coffee-coverage-yrttpw/src/coffee-meaningless.js": {"path":"/home/projects/vitest-coffee-coverage-yrttpw/src/coffee-meaningless.js","statementMap":{"0":{"start":{"line":4,"column":2},"end":{"line":7,"column":3}},"1":{"start":{"line":5,"column":4},"end":{"line":5,"column":24}},"2":{"start":{"line":6,"column":4},"end":{"line":6,"column":24}},"3":{"start":{"line":9,"column":2},"end":{"line":12,"column":3}},"4":{"start":{"line":10,"column":4},"end":{"line":10,"column":24}},"5":{"start":{"line":10,"column":25},"end":{"line":10,"column":42}},"6":{"start":{"line":11,"column":4},"end":{"line":11,"column":31}},"7":{"start":{"line":14,"column":2},"end":{"line":14,"column":12}},"8":{"start":{"line":18,"column":2},"end":{"line":18,"column":59}}},"fnMap":{"0":{"name":"calcCoffeeIngredient","decl":{"start":{"line":1,"column":16},"end":{"line":1,"column":36}},"loc":{"start":{"line":1,"column":58},"end":{"line":15,"column":1}}},"1":{"name":"isValidCoffee","decl":{"start":{"line":17,"column":16},"end":{"line":17,"column":29}},"loc":{"start":{"line":17,"column":36},"end":{"line":19,"column":null}}}},"branchMap":{"0":{"loc":{"start":{"line":1,"column":49},"end":{"line":1,"column":56}},"type":"default-arg","locations":[{"start":{"line":1,"column":55},"end":{"line":1,"column":56}}]},"1":{"loc":{"start":{"line":4,"column":2},"end":{"line":7,"column":3}},"type":"if","locations":[{"start":{"line":4,"column":2},"end":{"line":7,"column":3}},{"start":{"line":4,"column":2},"end":{"line":7,"column":3}}]},"2":{"loc":{"start":{"line":9,"column":2},"end":{"line":12,"column":3}},"type":"if","locations":[{"start":{"line":9,"column":2},"end":{"line":12,"column":3}},{"start":{"line":9,"column":2},"end":{"line":12,"column":3}}]}},"s":{"0":3,"1":1,"2":1,"3":2,"4":1,"5":1,"6":1,"7":1,"8":1},"f":{"0":3,"1":1},"b":{"0":[2],"1":[1,2],"2":[1,1]}}
}
